<?xml version="1.0" encoding="UTF-8"?>
<!-- Generated by org.testng.reporters.JUnitReportReporter -->
<testsuite hostname="LAPTOP-M2QLQSTA" failures="0" tests="1" name="com.actitime.testscript.DemoTestNG" time="0.001" errors="0" timestamp="2022-09-15T15:38:31 IST" skipped="0">
  <testcase classname="com.actitime.testscript.DemoTestNG" name="demoTest" time="0.001"/>
  <system-out>
    <![CDATA[Welcome
Hai
Hello]]>
  </system-out>
</testsuite> <!-- com.actitime.testscript.DemoTestNG -->
