<?xml version="1.0" encoding="UTF-8"?>
<!-- Generated by org.testng.reporters.JUnitReportReporter -->
<testsuite hostname="LAPTOP-M2QLQSTA" failures="0" tests="1" name="com.actitime.testscript.DemoScreenShot" time="5.918" errors="0" timestamp="2022-09-20T23:21:31 IST" skipped="0">
  <testcase classname="com.actitime.testscript.DemoScreenShot" name="demoScreenshot" time="5.918"/>
  <system-out/>
</testsuite> <!-- com.actitime.testscript.DemoScreenShot -->
