<?xml version="1.0" encoding="UTF-8"?>
<!-- Generated by org.testng.reporters.JUnitReportReporter -->
<testsuite hostname="LAPTOP-M2QLQSTA" failures="0" tests="1" name="com.actitime.testscript.TestLoginPage" time="17.416" errors="0" timestamp="2022-09-24T21:38:45 IST" skipped="0">
  <testcase classname="com.actitime.testscript.TestLoginPage" name="validLogin" time="17.416"/>
  <system-out/>
</testsuite> <!-- com.actitime.testscript.TestLoginPage -->
